65 INFO: PyInstaller: 6.18.0, contrib hooks: 2025.11
65 INFO: Python: 3.11.9
70 INFO: Platform: Windows-10-10.0.26200-SP0
70 INFO: Python environment: C:\Users\skalk\PycharmProjects\Price-Botvmilion\.venv
70 INFO: wrote C:\Users\skalk\PycharmProjects\Price-Botvmilion\PriceBot.spec
77 INFO: Module search paths (PYTHONPATH):
['C:\\Users\\skalk\\PycharmProjects\\Price-Botvmilion',
 'C:\\Users\\skalk\\AppData\\Local\\Programs\\Python\\Python311\\python311.zip',
 'C:\\Users\\skalk\\AppData\\Local\\Programs\\Python\\Python311\\DLLs',
 'C:\\Users\\skalk\\AppData\\Local\\Programs\\Python\\Python311\\Lib',
 'C:\\Users\\skalk\\AppData\\Local\\Programs\\Python\\Python311',
 'C:\\Users\\skalk\\PycharmProjects\\Price-Botvmilion\\.venv',
 'C:\\Users\\skalk\\PycharmProjects\\Price-Botvmilion\\.venv\\Lib\\site-packages',
 'C:\\Users\\skalk\\PycharmProjects\\Price-Botvmilion']
647 INFO: checking Analysis
647 INFO: Building Analysis because Analysis-00.toc is non existent
647 INFO: Looking for Python shared library...
647 INFO: Using Python shared library: C:\Users\skalk\AppData\Local\Programs\Python\Python311\python311.dll
647 INFO: Running Analysis Analysis-00.toc
647 INFO: Target bytecode optimization level: 0
647 INFO: Initializing module dependency graph...
648 INFO: Initializing module graph hook caches...
673 INFO: Analyzing modules for base_library.zip ...
1222 INFO: Processing standard module hook 'hook-heapq.py' from 'C:\\Users\\skalk\\PycharmProjects\\Price-Botvmilion\\.venv\\Lib\\site-packages\\PyInstaller\\hooks'
1303 INFO: Processing standard module hook 'hook-encodings.py' from 'C:\\Users\\skalk\\PycharmProjects\\Price-Botvmilion\\.venv\\Lib\\site-packages\\PyInstaller\\hooks'
2594 INFO: Processing standard module hook 'hook-pickle.py' from 'C:\\Users\\skalk\\PycharmProjects\\Price-Botvmilion\\.venv\\Lib\\site-packages\\PyInstaller\\hooks'
4531 INFO: Caching module dependency graph...
4550 INFO: Analyzing C:\Users\skalk\PycharmProjects\Price-Botvmilion\selektor_csv.py
4573 INFO: Processing pre-find-module-path hook 'hook-tkinter.py' from 'C:\\Users\\skalk\\PycharmProjects\\Price-Botvmilion\\.venv\\Lib\\site-packages\\PyInstaller\\hooks\\pre_find_module_path'
4574 INFO: TclTkInfo: initializing cached Tcl/Tk info...
4745 INFO: Processing standard module hook 'hook-_tkinter.py' from 'C:\\Users\\skalk\\PycharmProjects\\Price-Botvmilion\\.venv\\Lib\\site-packages\\PyInstaller\\hooks'
4829 INFO: Processing standard module hook 'hook-pandas.py' from 'C:\\Users\\skalk\\PycharmProjects\\Price-Botvmilion\\.venv\\Lib\\site-packages\\PyInstaller\\hooks'
6282 INFO: Processing standard module hook 'hook-platform.py' from 'C:\\Users\\skalk\\PycharmProjects\\Price-Botvmilion\\.venv\\Lib\\site-packages\\PyInstaller\\hooks'
6305 INFO: Processing standard module hook 'hook-sysconfig.py' from 'C:\\Users\\skalk\\PycharmProjects\\Price-Botvmilion\\.venv\\Lib\\site-packages\\PyInstaller\\hooks'
6341 INFO: Processing standard module hook 'hook-numpy.py' from 'C:\\Users\\skalk\\PycharmProjects\\Price-Botvmilion\\.venv\\Lib\\site-packages\\PyInstaller\\hooks'
6809 INFO: Processing standard module hook 'hook-difflib.py' from 'C:\\Users\\skalk\\PycharmProjects\\Price-Botvmilion\\.venv\\Lib\\site-packages\\PyInstaller\\hooks'
7033 INFO: Processing standard module hook 'hook-multiprocessing.util.py' from 'C:\\Users\\skalk\\PycharmProjects\\Price-Botvmilion\\.venv\\Lib\\site-packages\\PyInstaller\\hooks'
7176 INFO: Processing standard module hook 'hook-xml.py' from 'C:\\Users\\skalk\\PycharmProjects\\Price-Botvmilion\\.venv\\Lib\\site-packages\\PyInstaller\\hooks'
7474 INFO: Processing standard module hook 'hook-_ctypes.py' from 'C:\\Users\\skalk\\PycharmProjects\\Price-Botvmilion\\.venv\\Lib\\site-packages\\PyInstaller\\hooks'
9213 INFO: Processing pre-safe-import-module hook 'hook-typing_extensions.py' from 'C:\\Users\\skalk\\PycharmProjects\\Price-Botvmilion\\.venv\\Lib\\site-packages\\PyInstaller\\hooks\\pre_safe_import_module'
9213 INFO: SetuptoolsInfo: initializing cached setuptools info...
12293 INFO: Processing standard module hook 'hook-charset_normalizer.py' from 'C:\\Users\\skalk\\PycharmProjects\\Price-Botvmilion\\.venv\\Lib\\site-packages\\_pyinstaller_hooks_contrib\\stdhooks'
12762 INFO: Processing standard module hook 'hook-pytz.py' from 'C:\\Users\\skalk\\PycharmProjects\\Price-Botvmilion\\.venv\\Lib\\site-packages\\PyInstaller\\hooks'
14706 INFO: Processing standard module hook 'hook-pandas.io.formats.style.py' from 'C:\\Users\\skalk\\PycharmProjects\\Price-Botvmilion\\.venv\\Lib\\site-packages\\PyInstaller\\hooks'
16248 INFO: Processing standard module hook 'hook-pandas.plotting.py' from 'C:\\Users\\skalk\\PycharmProjects\\Price-Botvmilion\\.venv\\Lib\\site-packages\\PyInstaller\\hooks'
16694 INFO: Processing standard module hook 'hook-openpyxl.py' from 'C:\\Users\\skalk\\PycharmProjects\\Price-Botvmilion\\.venv\\Lib\\site-packages\\_pyinstaller_hooks_contrib\\stdhooks'
16787 INFO: Processing standard module hook 'hook-lxml.py' from 'C:\\Users\\skalk\\PycharmProjects\\Price-Botvmilion\\.venv\\Lib\\site-packages\\_pyinstaller_hooks_contrib\\stdhooks'
17011 INFO: Processing standard module hook 'hook-lxml.etree.py' from 'C:\\Users\\skalk\\PycharmProjects\\Price-Botvmilion\\.venv\\Lib\\site-packages\\_pyinstaller_hooks_contrib\\stdhooks'
17230 INFO: Processing standard module hook 'hook-xml.etree.cElementTree.py' from 'C:\\Users\\skalk\\PycharmProjects\\Price-Botvmilion\\.venv\\Lib\\site-packages\\PyInstaller\\hooks'
19132 INFO: Processing standard module hook 'hook-sqlite3.py' from 'C:\\Users\\skalk\\PycharmProjects\\Price-Botvmilion\\.venv\\Lib\\site-packages\\PyInstaller\\hooks'
19307 INFO: Processing standard module hook 'hook-pandas.io.clipboard.py' from 'C:\\Users\\skalk\\PycharmProjects\\Price-Botvmilion\\.venv\\Lib\\site-packages\\PyInstaller\\hooks'
19531 INFO: Processing standard module hook 'hook-dateutil.py' from 'C:\\Users\\skalk\\PycharmProjects\\Price-Botvmilion\\.venv\\Lib\\site-packages\\_pyinstaller_hooks_contrib\\stdhooks'
19648 INFO: Processing pre-safe-import-module hook 'hook-six.moves.py' from 'C:\\Users\\skalk\\PycharmProjects\\Price-Botvmilion\\.venv\\Lib\\site-packages\\PyInstaller\\hooks\\pre_safe_import_module'
19979 INFO: Processing standard module hook 'hook-xml.dom.domreg.py' from 'C:\\Users\\skalk\\PycharmProjects\\Price-Botvmilion\\.venv\\Lib\\site-packages\\PyInstaller\\hooks'
21079 INFO: Processing standard module hook 'hook-urllib3.py' from 'C:\\Users\\skalk\\PycharmProjects\\Price-Botvmilion\\.venv\\Lib\\site-packages\\_pyinstaller_hooks_contrib\\stdhooks'
21194 INFO: Processing pre-safe-import-module hook 'hook-backports.py' from 'C:\\Users\\skalk\\PycharmProjects\\Price-Botvmilion\\.venv\\Lib\\site-packages\\PyInstaller\\hooks\\pre_safe_import_module'
21194 INFO: Setuptools: 'backports' appears to be a full setuptools-vendored copy - creating alias to 'setuptools._vendor.backports'!
21199 INFO: Processing standard module hook 'hook-setuptools.py' from 'C:\\Users\\skalk\\PycharmProjects\\Price-Botvmilion\\.venv\\Lib\\site-packages\\PyInstaller\\hooks'
21204 INFO: Processing pre-safe-import-module hook 'hook-distutils.py' from 'C:\\Users\\skalk\\PycharmProjects\\Price-Botvmilion\\.venv\\Lib\\site-packages\\PyInstaller\\hooks\\pre_safe_import_module'
21204 INFO: Processing pre-find-module-path hook 'hook-distutils.py' from 'C:\\Users\\skalk\\PycharmProjects\\Price-Botvmilion\\.venv\\Lib\\site-packages\\PyInstaller\\hooks\\pre_find_module_path'
21362 INFO: Processing standard module hook 'hook-distutils.py' from 'C:\\Users\\skalk\\PycharmProjects\\Price-Botvmilion\\.venv\\Lib\\site-packages\\PyInstaller\\hooks'
21386 INFO: Processing standard module hook 'hook-distutils.util.py' from 'C:\\Users\\skalk\\PycharmProjects\\Price-Botvmilion\\.venv\\Lib\\site-packages\\PyInstaller\\hooks'
21462 INFO: Processing standard module hook 'hook-_osx_support.py' from 'C:\\Users\\skalk\\PycharmProjects\\Price-Botvmilion\\.venv\\Lib\\site-packages\\PyInstaller\\hooks'
21495 INFO: Processing pre-safe-import-module hook 'hook-packaging.py' from 'C:\\Users\\skalk\\PycharmProjects\\Price-Botvmilion\\.venv\\Lib\\site-packages\\PyInstaller\\hooks\\pre_safe_import_module'
21635 INFO: Processing pre-safe-import-module hook 'hook-jaraco.py' from 'C:\\Users\\skalk\\PycharmProjects\\Price-Botvmilion\\.venv\\Lib\\site-packages\\PyInstaller\\hooks\\pre_safe_import_module'
21635 INFO: Setuptools: 'jaraco' appears to be a full setuptools-vendored copy - creating alias to 'setuptools._vendor.jaraco'!
21640 INFO: Processing standard module hook 'hook-setuptools._vendor.jaraco.text.py' from 'C:\\Users\\skalk\\PycharmProjects\\Price-Botvmilion\\.venv\\Lib\\site-packages\\PyInstaller\\hooks'
21640 INFO: Processing pre-safe-import-module hook 'hook-importlib_resources.py' from 'C:\\Users\\skalk\\PycharmProjects\\Price-Botvmilion\\.venv\\Lib\\site-packages\\PyInstaller\\hooks\\pre_safe_import_module'
21655 INFO: Processing pre-safe-import-module hook 'hook-more_itertools.py' from 'C:\\Users\\skalk\\PycharmProjects\\Price-Botvmilion\\.venv\\Lib\\site-packages\\PyInstaller\\hooks\\pre_safe_import_module'
21655 INFO: Setuptools: 'more_itertools' appears to be a setuptools-vendored copy - creating alias to 'setuptools._vendor.more_itertools'!
21809 INFO: Processing pre-safe-import-module hook 'hook-importlib_metadata.py' from 'C:\\Users\\skalk\\PycharmProjects\\Price-Botvmilion\\.venv\\Lib\\site-packages\\PyInstaller\\hooks\\pre_safe_import_module'
21809 INFO: Setuptools: 'importlib_metadata' appears to be a setuptools-vendored copy - creating alias to 'setuptools._vendor.importlib_metadata'!
21820 INFO: Processing standard module hook 'hook-setuptools._vendor.importlib_metadata.py' from 'C:\\Users\\skalk\\PycharmProjects\\Price-Botvmilion\\.venv\\Lib\\site-packages\\PyInstaller\\hooks'
21821 INFO: Processing pre-safe-import-module hook 'hook-zipp.py' from 'C:\\Users\\skalk\\PycharmProjects\\Price-Botvmilion\\.venv\\Lib\\site-packages\\PyInstaller\\hooks\\pre_safe_import_module'
21822 INFO: Setuptools: 'zipp' appears to be a setuptools-vendored copy - creating alias to 'setuptools._vendor.zipp'!
22090 INFO: Processing pre-safe-import-module hook 'hook-tomli.py' from 'C:\\Users\\skalk\\PycharmProjects\\Price-Botvmilion\\.venv\\Lib\\site-packages\\PyInstaller\\hooks\\pre_safe_import_module'
22091 INFO: Setuptools: 'tomli' appears to be a setuptools-vendored copy - creating alias to 'setuptools._vendor.tomli'!
22490 INFO: Processing standard module hook 'hook-pkg_resources.py' from 'C:\\Users\\skalk\\PycharmProjects\\Price-Botvmilion\\.venv\\Lib\\site-packages\\PyInstaller\\hooks'
22646 INFO: Processing pre-safe-import-module hook 'hook-platformdirs.py' from 'C:\\Users\\skalk\\PycharmProjects\\Price-Botvmilion\\.venv\\Lib\\site-packages\\PyInstaller\\hooks\\pre_safe_import_module'
22646 INFO: Setuptools: 'platformdirs' appears to be a setuptools-vendored copy - creating alias to 'setuptools._vendor.platformdirs'!
22875 INFO: Processing pre-safe-import-module hook 'hook-wheel.py' from 'C:\\Users\\skalk\\PycharmProjects\\Price-Botvmilion\\.venv\\Lib\\site-packages\\PyInstaller\\hooks\\pre_safe_import_module'
22875 INFO: Setuptools: 'wheel' appears to be a setuptools-vendored copy - creating alias to 'setuptools._vendor.wheel'!
23655 INFO: Processing standard module hook 'hook-certifi.py' from 'C:\\Users\\skalk\\PycharmProjects\\Price-Botvmilion\\.venv\\Lib\\site-packages\\_pyinstaller_hooks_contrib\\stdhooks'
23856 INFO: Processing module hooks (post-graph stage)...
24094 INFO: Processing standard module hook 'hook-lxml.isoschematron.py' from 'C:\\Users\\skalk\\PycharmProjects\\Price-Botvmilion\\.venv\\Lib\\site-packages\\_pyinstaller_hooks_contrib\\stdhooks'
24122 WARNING: Hidden import "jinja2" not found!
24695 INFO: Processing standard module hook 'hook-_tkinter.py' from 'C:\\Users\\skalk\\PycharmProjects\\Price-Botvmilion\\.venv\\Lib\\site-packages\\PyInstaller\\hooks'
24695 INFO: Processing standard module hook 'hook-lxml.objectify.py' from 'C:\\Users\\skalk\\PycharmProjects\\Price-Botvmilion\\.venv\\Lib\\site-packages\\_pyinstaller_hooks_contrib\\stdhooks'
24708 INFO: Performing binary vs. data reclassification (1556 entries)
29995 INFO: Looking for ctypes DLLs
30059 INFO: Analyzing run-time hooks ...
30062 INFO: Including run-time hook 'pyi_rth_inspect.py' from 'C:\\Users\\skalk\\PycharmProjects\\Price-Botvmilion\\.venv\\Lib\\site-packages\\PyInstaller\\hooks\\rthooks'
30063 INFO: Including run-time hook 'pyi_rth_pkgutil.py' from 'C:\\Users\\skalk\\PycharmProjects\\Price-Botvmilion\\.venv\\Lib\\site-packages\\PyInstaller\\hooks\\rthooks'
30064 INFO: Including run-time hook 'pyi_rth_multiprocessing.py' from 'C:\\Users\\skalk\\PycharmProjects\\Price-Botvmilion\\.venv\\Lib\\site-packages\\PyInstaller\\hooks\\rthooks'
30065 INFO: Including run-time hook 'pyi_rth_setuptools.py' from 'C:\\Users\\skalk\\PycharmProjects\\Price-Botvmilion\\.venv\\Lib\\site-packages\\PyInstaller\\hooks\\rthooks'
30066 INFO: Including run-time hook 'pyi_rth_pkgres.py' from 'C:\\Users\\skalk\\PycharmProjects\\Price-Botvmilion\\.venv\\Lib\\site-packages\\PyInstaller\\hooks\\rthooks'
30069 INFO: Including run-time hook 'pyi_rth__tkinter.py' from 'C:\\Users\\skalk\\PycharmProjects\\Price-Botvmilion\\.venv\\Lib\\site-packages\\PyInstaller\\hooks\\rthooks'
30096 INFO: Creating base_library.zip...
30105 INFO: Looking for dynamic libraries
30845 INFO: Extra DLL search directories (AddDllDirectory): ['C:\\Users\\skalk\\PycharmProjects\\Price-Botvmilion\\.venv\\Lib\\site-packages\\numpy.libs', 'C:\\Users\\skalk\\PycharmProjects\\Price-Botvmilion\\.venv\\Lib\\site-packages\\pandas.libs']
30845 INFO: Extra DLL search directories (PATH): []
31354 INFO: Warnings written to C:\Users\skalk\PycharmProjects\Price-Botvmilion\build\PriceBot\warn-PriceBot.txt
31432 INFO: Graph cross-reference written to C:\Users\skalk\PycharmProjects\Price-Botvmilion\build\PriceBot\xref-PriceBot.html
31468 INFO: checking PYZ
31468 INFO: Building PYZ because PYZ-00.toc is non existent
31468 INFO: Building PYZ (ZlibArchive) C:\Users\skalk\PycharmProjects\Price-Botvmilion\build\PriceBot\PYZ-00.pyz
32138 INFO: Building PYZ (ZlibArchive) C:\Users\skalk\PycharmProjects\Price-Botvmilion\build\PriceBot\PYZ-00.pyz completed successfully.
32174 INFO: checking PKG
32174 INFO: Building PKG because PKG-00.toc is non existent
32174 INFO: Building PKG (CArchive) PriceBot.pkg
38204 INFO: Building PKG (CArchive) PriceBot.pkg completed successfully.
38221 INFO: Bootloader C:\Users\skalk\PycharmProjects\Price-Botvmilion\.venv\Lib\site-packages\PyInstaller\bootloader\Windows-64bit-intel\runw.exe
38221 INFO: checking EXE
38221 INFO: Building EXE because EXE-00.toc is non existent
38221 INFO: Building EXE from EXE-00.toc
38221 INFO: Copying bootloader EXE to C:\Users\skalk\PycharmProjects\Price-Botvmilion\dist\PriceBot.exe
38287 INFO: Copying icon to EXE
38326 INFO: Copying 0 resources to EXE
38326 INFO: Embedding manifest in EXE
38351 INFO: Appending PKG archive to EXE
38406 INFO: Fixing EXE headers
38674 INFO: Building EXE from EXE-00.toc completed successfully.
38691 INFO: Build complete! The results are available in: C:\Users\skalk\PycharmProjects\Price-Botvmilion\dist
